<?xml version="1.0" encoding="UTF-8"?>
<!-- Generated by org.testng.reporters.JUnitXMLReporter -->
<testsuite ignored="0" hostname="FallenCap" failures="0" tests="5" name="Default test" time="109.598" errors="0" timestamp="2023-06-30T14:43:32 IST">
  <testcase classname="seleniumTest.test1" name="openOneSearchResult" time="4.889"/>
  <testcase classname="seleniumTest.test1" name="searchProduct" time="7.189"/>
  <testcase classname="seleniumTest.test1" name="verifyLogo" time="0.117"/>
  <testcase classname="seleniumTest.test1" name="verifySearchResults" time="4.852"/>
  <testcase classname="seleniumTest.test1" name="verifyTitle" time="0.013"/>
</testsuite> <!-- Default test -->
