<?xml version="1.0" encoding="UTF-8"?>
<testng-results ignored="0" total="5" passed="5" failed="0" skipped="0">
  <reporter-output>
  </reporter-output>
  <suite started-at="2023-06-30T14:41:42 IST" name="Default suite" finished-at="2023-06-30T14:43:32 IST" duration-ms="109598">
    <groups>
    </groups>
    <test started-at="2023-06-30T14:41:42 IST" name="Default test" finished-at="2023-06-30T14:43:32 IST" duration-ms="109598">
      <class name="seleniumTest.test1">
        <test-method is-config="true" signature="setUp()[pri:0, instance:seleniumTest.test1@6cf0e0ba]" started-at="2023-06-30T14:41:42 IST" name="setUp" finished-at="2023-06-30T14:42:01 IST" duration-ms="18613" status="PASS">
          <reporter-output>
          </reporter-output>
        </test-method> <!-- setUp -->
        <test-method signature="openOneSearchResult()[pri:0, instance:seleniumTest.test1@6cf0e0ba]" started-at="2023-06-30T14:42:01 IST" name="openOneSearchResult" finished-at="2023-06-30T14:42:06 IST" duration-ms="4889" status="PASS">
          <reporter-output>
          </reporter-output>
        </test-method> <!-- openOneSearchResult -->
        <test-method is-config="true" signature="tearDown()[pri:0, instance:seleniumTest.test1@6cf0e0ba]" started-at="2023-06-30T14:42:06 IST" name="tearDown" finished-at="2023-06-30T14:42:06 IST" duration-ms="246" status="PASS">
          <reporter-output>
          </reporter-output>
        </test-method> <!-- tearDown -->
        <test-method is-config="true" signature="setUp()[pri:0, instance:seleniumTest.test1@6cf0e0ba]" started-at="2023-06-30T14:42:06 IST" name="setUp" finished-at="2023-06-30T14:42:24 IST" duration-ms="17910" status="PASS">
          <reporter-output>
          </reporter-output>
        </test-method> <!-- setUp -->
        <test-method signature="searchProduct()[pri:0, instance:seleniumTest.test1@6cf0e0ba]" started-at="2023-06-30T14:42:24 IST" name="searchProduct" finished-at="2023-06-30T14:42:31 IST" duration-ms="7189" status="PASS">
          <reporter-output>
          </reporter-output>
        </test-method> <!-- searchProduct -->
        <test-method is-config="true" signature="tearDown()[pri:0, instance:seleniumTest.test1@6cf0e0ba]" started-at="2023-06-30T14:42:31 IST" name="tearDown" finished-at="2023-06-30T14:42:31 IST" duration-ms="246" status="PASS">
          <reporter-output>
          </reporter-output>
        </test-method> <!-- tearDown -->
        <test-method is-config="true" signature="setUp()[pri:0, instance:seleniumTest.test1@6cf0e0ba]" started-at="2023-06-30T14:42:31 IST" name="setUp" finished-at="2023-06-30T14:42:52 IST" duration-ms="20788" status="PASS">
          <reporter-output>
          </reporter-output>
        </test-method> <!-- setUp -->
        <test-method signature="verifyLogo()[pri:0, instance:seleniumTest.test1@6cf0e0ba]" started-at="2023-06-30T14:42:52 IST" name="verifyLogo" finished-at="2023-06-30T14:42:52 IST" duration-ms="117" status="PASS">
          <reporter-output>
          </reporter-output>
        </test-method> <!-- verifyLogo -->
        <test-method is-config="true" signature="tearDown()[pri:0, instance:seleniumTest.test1@6cf0e0ba]" started-at="2023-06-30T14:42:52 IST" name="tearDown" finished-at="2023-06-30T14:42:52 IST" duration-ms="183" status="PASS">
          <reporter-output>
          </reporter-output>
        </test-method> <!-- tearDown -->
        <test-method is-config="true" signature="setUp()[pri:0, instance:seleniumTest.test1@6cf0e0ba]" started-at="2023-06-30T14:42:52 IST" name="setUp" finished-at="2023-06-30T14:43:12 IST" duration-ms="19742" status="PASS">
          <reporter-output>
          </reporter-output>
        </test-method> <!-- setUp -->
        <test-method signature="verifySearchResults()[pri:0, instance:seleniumTest.test1@6cf0e0ba]" started-at="2023-06-30T14:43:12 IST" name="verifySearchResults" finished-at="2023-06-30T14:43:17 IST" duration-ms="4852" status="PASS">
          <reporter-output>
          </reporter-output>
        </test-method> <!-- verifySearchResults -->
        <test-method is-config="true" signature="tearDown()[pri:0, instance:seleniumTest.test1@6cf0e0ba]" started-at="2023-06-30T14:43:17 IST" name="tearDown" finished-at="2023-06-30T14:43:17 IST" duration-ms="253" status="PASS">
          <reporter-output>
          </reporter-output>
        </test-method> <!-- tearDown -->
        <test-method is-config="true" signature="setUp()[pri:0, instance:seleniumTest.test1@6cf0e0ba]" started-at="2023-06-30T14:43:17 IST" name="setUp" finished-at="2023-06-30T14:43:32 IST" duration-ms="14286" status="PASS">
          <reporter-output>
          </reporter-output>
        </test-method> <!-- setUp -->
        <test-method signature="verifyTitle()[pri:0, instance:seleniumTest.test1@6cf0e0ba]" started-at="2023-06-30T14:43:32 IST" name="verifyTitle" finished-at="2023-06-30T14:43:32 IST" duration-ms="13" status="PASS">
          <reporter-output>
          </reporter-output>
        </test-method> <!-- verifyTitle -->
        <test-method is-config="true" signature="tearDown()[pri:0, instance:seleniumTest.test1@6cf0e0ba]" started-at="2023-06-30T14:43:32 IST" name="tearDown" finished-at="2023-06-30T14:43:32 IST" duration-ms="213" status="PASS">
          <reporter-output>
          </reporter-output>
        </test-method> <!-- tearDown -->
      </class> <!-- seleniumTest.test1 -->
    </test> <!-- Default test -->
  </suite> <!-- Default suite -->
</testng-results>
